[debug] [2024-04-02T05:47:56.747Z] ----------------------------------------------------------------------
[debug] [2024-04-02T05:47:56.748Z] Command:       /usr/local/bin/node /usr/local/bin/firebase init
[debug] [2024-04-02T05:47:56.748Z] CLI Version:   13.6.0
[debug] [2024-04-02T05:47:56.748Z] Platform:      darwin
[debug] [2024-04-02T05:47:56.748Z] Node Version:  v18.17.0
[debug] [2024-04-02T05:47:56.749Z] Time:          Tue Apr 02 2024 00:47:56 GMT-0500 (Central Daylight Time)
[debug] [2024-04-02T05:47:56.749Z] ----------------------------------------------------------------------
[debug] 
[debug] [2024-04-02T05:47:56.778Z] > command requires scopes: ["email","openid","https://www.googleapis.com/auth/cloudplatformprojects.readonly","https://www.googleapis.com/auth/firebase","https://www.googleapis.com/auth/cloud-platform"]
[debug] [2024-04-02T05:47:56.778Z] > authorizing via signed-in user (qianyi.huang@vanderbilt.edu)
[info] 
     ######## #### ########  ######## ########     ###     ######  ########
     ##        ##  ##     ## ##       ##     ##  ##   ##  ##       ##
     ######    ##  ########  ######   ########  #########  ######  ######
     ##        ##  ##    ##  ##       ##     ## ##     ##       ## ##
     ##       #### ##     ## ######## ########  ##     ##  ######  ########

You're about to initialize a Firebase project in this directory:

  /Users/nataliehuang/Desktop/OnlineOrderWeb

Before we get started, keep in mind:

  * You are initializing within an existing Firebase project directory

[info] 
=== Project Setup
[info] 
[info] First, let's associate this project directory with a Firebase project.
[info] You can create multiple project aliases by running firebase use --add, 
[info] but for now we'll just set up a default project.
[info] 
[debug] [2024-04-02T05:47:58.369Z] Using project from CLI flag: wuhealth-f19ba
[debug] [2024-04-02T05:47:58.371Z] >>> [apiv2][query] GET https://firebase.googleapis.com/v1beta1/projects/wuhealth-f19ba [none]
[debug] [2024-04-02T05:47:58.660Z] <<< [apiv2][status] GET https://firebase.googleapis.com/v1beta1/projects/wuhealth-f19ba 200
[debug] [2024-04-02T05:47:58.661Z] <<< [apiv2][body] GET https://firebase.googleapis.com/v1beta1/projects/wuhealth-f19ba {"projectId":"wuhealth-f19ba","projectNumber":"238930998501","displayName":"2301Dining","name":"projects/wuhealth-f19ba","resources":{"hostingSite":"wuhealth-f19ba","realtimeDatabaseInstance":"wuhealth-f19ba-default-rtdb","storageBucket":"wuhealth-f19ba.appspot.com","locationId":"us-central"},"state":"ACTIVE","etag":"1_29eb8ccf-bb72-4662-9b4c-460d330491f1"}
[info] i  Using project wuhealth-f19ba (2301Dining) 
[info] 
=== Database Setup
[info] i  database: ensuring required API firebasedatabase.googleapis.com is enabled... 
[debug] [2024-04-02T05:47:58.677Z] >>> [apiv2][query] GET https://serviceusage.googleapis.com/v1/projects/wuhealth-f19ba/services/firebasedatabase.googleapis.com [none]
[debug] [2024-04-02T05:47:58.677Z] >>> [apiv2][(partial)header] GET https://serviceusage.googleapis.com/v1/projects/wuhealth-f19ba/services/firebasedatabase.googleapis.com x-goog-quota-user=projects/wuhealth-f19ba
[debug] [2024-04-02T05:47:59.110Z] <<< [apiv2][status] GET https://serviceusage.googleapis.com/v1/projects/wuhealth-f19ba/services/firebasedatabase.googleapis.com 200
[debug] [2024-04-02T05:47:59.110Z] <<< [apiv2][body] GET https://serviceusage.googleapis.com/v1/projects/wuhealth-f19ba/services/firebasedatabase.googleapis.com [omitted]
[info] ✔  database: required API firebasedatabase.googleapis.com is enabled 
[info] 
[debug] [2024-04-02T05:47:59.112Z] >>> [apiv2][query] GET https://firebasedatabase.googleapis.com/v1beta/projects/wuhealth-f19ba/locations/-/instances/wuhealth-f19ba-default-rtdb [none]
[debug] [2024-04-02T05:47:59.387Z] <<< [apiv2][status] GET https://firebasedatabase.googleapis.com/v1beta/projects/wuhealth-f19ba/locations/-/instances/wuhealth-f19ba-default-rtdb 200
[debug] [2024-04-02T05:47:59.387Z] <<< [apiv2][body] GET https://firebasedatabase.googleapis.com/v1beta/projects/wuhealth-f19ba/locations/-/instances/wuhealth-f19ba-default-rtdb {"name":"projects/238930998501/locations/us-central1/instances/wuhealth-f19ba-default-rtdb","project":"projects/238930998501","databaseUrl":"https://wuhealth-f19ba-default-rtdb.firebaseio.com","type":"DEFAULT_DATABASE","state":"ACTIVE"}
[info] 
[info] Firebase Realtime Database Security Rules allow you to define how your data should be
[info] structured and when your data can be read from and written to.
[info] 
[debug] [2024-04-02T05:47:59.388Z] >>> [apiv2][query] GET https://wuhealth-f19ba-default-rtdb.firebaseio.com/.settings/rules.json [none]
[debug] [2024-04-02T05:47:59.554Z] <<< [apiv2][status] GET https://wuhealth-f19ba-default-rtdb.firebaseio.com/.settings/rules.json 200
[debug] [2024-04-02T05:47:59.554Z] <<< [apiv2][body] GET https://wuhealth-f19ba-default-rtdb.firebaseio.com/.settings/rules.json [stream]
[debug] [2024-04-02T05:47:59.642Z] Error: EACCES: permission denied, open '/Users/nataliehuang/Desktop/OnlineOrderWeb/database.rules.json'
    at Object.openSync (node:fs:603:3)
    at Object.writeFileSync (node:fs:2324:35)
    at Config.writeProjectFile (/usr/local/lib/node_modules/firebase-tools/lib/config.js:155:12)
    at writeDBRules (/usr/local/lib/node_modules/firebase-tools/lib/init/features/database.js:34:12)
    at doSetup (/usr/local/lib/node_modules/firebase-tools/lib/init/features/database.js:124:13)
    at process.processTicksAndRejections (node:internal/process/task_queues:95:5)
    at async init (/usr/local/lib/node_modules/firebase-tools/lib/init/index.js:37:9)
[error] 
[error] Error: An unexpected error has occurred.
